Start testing: Mar 12 12:34 CET
----------------------------------------------------------
1/16 Testing: MachineControllerTest.StartsFromIdleToRunningAfterThreeTicks
1/16 Test: MachineControllerTest.StartsFromIdleToRunningAfterThreeTicks
Command: "/Users/maliha/Desktop/conveyor-simulator/build/conveyor_tests" "--gtest_filter=MachineControllerTest.StartsFromIdleToRunningAfterThreeTicks" "--gtest_also_run_disabled_tests"
Directory: /Users/maliha/Desktop/conveyor-simulator/build
"MachineControllerTest.StartsFromIdleToRunningAfterThreeTicks" start time: Mar 12 12:34 CET
Output:
----------------------------------------------------------
Running main() from /Users/maliha/Desktop/conveyor-simulator/build/_deps/googletest-src/googletest/src/gtest_main.cc
Note: Google Test filter = MachineControllerTest.StartsFromIdleToRunningAfterThreeTicks
[==========] Running 1 test from 1 test suite.
[----------] Global test environment set-up.
[----------] 1 test from MachineControllerTest
[ RUN      ] MachineControllerTest.StartsFromIdleToRunningAfterThreeTicks
[       OK ] MachineControllerTest.StartsFromIdleToRunningAfterThreeTicks (0 ms)
[----------] 1 test from MachineControllerTest (0 ms total)

[----------] Global test environment tear-down
[==========] 1 test from 1 test suite ran. (0 ms total)
[  PASSED  ] 1 test.
<end of output>
Test time =   0.01 sec
----------------------------------------------------------
Test Passed.
"MachineControllerTest.StartsFromIdleToRunningAfterThreeTicks" end time: Mar 12 12:34 CET
"MachineControllerTest.StartsFromIdleToRunningAfterThreeTicks" time elapsed: 00:00:00
----------------------------------------------------------

2/16 Testing: MachineControllerTest.FaultMovesControllerToFaultState
2/16 Test: MachineControllerTest.FaultMovesControllerToFaultState
Command: "/Users/maliha/Desktop/conveyor-simulator/build/conveyor_tests" "--gtest_filter=MachineControllerTest.FaultMovesControllerToFaultState" "--gtest_also_run_disabled_tests"
Directory: /Users/maliha/Desktop/conveyor-simulator/build
"MachineControllerTest.FaultMovesControllerToFaultState" start time: Mar 12 12:34 CET
Output:
----------------------------------------------------------
Running main() from /Users/maliha/Desktop/conveyor-simulator/build/_deps/googletest-src/googletest/src/gtest_main.cc
Note: Google Test filter = MachineControllerTest.FaultMovesControllerToFaultState
[==========] Running 1 test from 1 test suite.
[----------] Global test environment set-up.
[----------] 1 test from MachineControllerTest
[ RUN      ] MachineControllerTest.FaultMovesControllerToFaultState
[       OK ] MachineControllerTest.FaultMovesControllerToFaultState (0 ms)
[----------] 1 test from MachineControllerTest (0 ms total)

[----------] Global test environment tear-down
[==========] 1 test from 1 test suite ran. (0 ms total)
[  PASSED  ] 1 test.
<end of output>
Test time =   0.01 sec
----------------------------------------------------------
Test Passed.
"MachineControllerTest.FaultMovesControllerToFaultState" end time: Mar 12 12:34 CET
"MachineControllerTest.FaultMovesControllerToFaultState" time elapsed: 00:00:00
----------------------------------------------------------

3/16 Testing: MachineControllerTest.ResetAfterFaultReturnsToIdle
3/16 Test: MachineControllerTest.ResetAfterFaultReturnsToIdle
Command: "/Users/maliha/Desktop/conveyor-simulator/build/conveyor_tests" "--gtest_filter=MachineControllerTest.ResetAfterFaultReturnsToIdle" "--gtest_also_run_disabled_tests"
Directory: /Users/maliha/Desktop/conveyor-simulator/build
"MachineControllerTest.ResetAfterFaultReturnsToIdle" start time: Mar 12 12:34 CET
Output:
----------------------------------------------------------
Running main() from /Users/maliha/Desktop/conveyor-simulator/build/_deps/googletest-src/googletest/src/gtest_main.cc
Note: Google Test filter = MachineControllerTest.ResetAfterFaultReturnsToIdle
[==========] Running 1 test from 1 test suite.
[----------] Global test environment set-up.
[----------] 1 test from MachineControllerTest
[ RUN      ] MachineControllerTest.ResetAfterFaultReturnsToIdle
[       OK ] MachineControllerTest.ResetAfterFaultReturnsToIdle (0 ms)
[----------] 1 test from MachineControllerTest (0 ms total)

[----------] Global test environment tear-down
[==========] 1 test from 1 test suite ran. (0 ms total)
[  PASSED  ] 1 test.
<end of output>
Test time =   0.01 sec
----------------------------------------------------------
Test Passed.
"MachineControllerTest.ResetAfterFaultReturnsToIdle" end time: Mar 12 12:34 CET
"MachineControllerTest.ResetAfterFaultReturnsToIdle" time elapsed: 00:00:00
----------------------------------------------------------

4/16 Testing: MachineControllerTest.EmergencyStopOverridesNormalOperation
4/16 Test: MachineControllerTest.EmergencyStopOverridesNormalOperation
Command: "/Users/maliha/Desktop/conveyor-simulator/build/conveyor_tests" "--gtest_filter=MachineControllerTest.EmergencyStopOverridesNormalOperation" "--gtest_also_run_disabled_tests"
Directory: /Users/maliha/Desktop/conveyor-simulator/build
"MachineControllerTest.EmergencyStopOverridesNormalOperation" start time: Mar 12 12:34 CET
Output:
----------------------------------------------------------
Running main() from /Users/maliha/Desktop/conveyor-simulator/build/_deps/googletest-src/googletest/src/gtest_main.cc
Note: Google Test filter = MachineControllerTest.EmergencyStopOverridesNormalOperation
[==========] Running 1 test from 1 test suite.
[----------] Global test environment set-up.
[----------] 1 test from MachineControllerTest
[ RUN      ] MachineControllerTest.EmergencyStopOverridesNormalOperation
[       OK ] MachineControllerTest.EmergencyStopOverridesNormalOperation (0 ms)
[----------] 1 test from MachineControllerTest (0 ms total)

[----------] Global test environment tear-down
[==========] 1 test from 1 test suite ran. (0 ms total)
[  PASSED  ] 1 test.
<end of output>
Test time =   0.01 sec
----------------------------------------------------------
Test Passed.
"MachineControllerTest.EmergencyStopOverridesNormalOperation" end time: Mar 12 12:34 CET
"MachineControllerTest.EmergencyStopOverridesNormalOperation" time elapsed: 00:00:00
----------------------------------------------------------

5/16 Testing: SensorTest.DetectItemBlocksSensor
5/16 Test: SensorTest.DetectItemBlocksSensor
Command: "/Users/maliha/Desktop/conveyor-simulator/build/conveyor_tests" "--gtest_filter=SensorTest.DetectItemBlocksSensor" "--gtest_also_run_disabled_tests"
Directory: /Users/maliha/Desktop/conveyor-simulator/build
"SensorTest.DetectItemBlocksSensor" start time: Mar 12 12:34 CET
Output:
----------------------------------------------------------
Running main() from /Users/maliha/Desktop/conveyor-simulator/build/_deps/googletest-src/googletest/src/gtest_main.cc
Note: Google Test filter = SensorTest.DetectItemBlocksSensor
[==========] Running 1 test from 1 test suite.
[----------] Global test environment set-up.
[----------] 1 test from SensorTest
[ RUN      ] SensorTest.DetectItemBlocksSensor
[       OK ] SensorTest.DetectItemBlocksSensor (0 ms)
[----------] 1 test from SensorTest (0 ms total)

[----------] Global test environment tear-down
[==========] 1 test from 1 test suite ran. (0 ms total)
[  PASSED  ] 1 test.
<end of output>
Test time =   0.01 sec
----------------------------------------------------------
Test Passed.
"SensorTest.DetectItemBlocksSensor" end time: Mar 12 12:34 CET
"SensorTest.DetectItemBlocksSensor" time elapsed: 00:00:00
----------------------------------------------------------

6/16 Testing: SensorTest.TickIncreasesBlockedTicksWhenBlocked
6/16 Test: SensorTest.TickIncreasesBlockedTicksWhenBlocked
Command: "/Users/maliha/Desktop/conveyor-simulator/build/conveyor_tests" "--gtest_filter=SensorTest.TickIncreasesBlockedTicksWhenBlocked" "--gtest_also_run_disabled_tests"
Directory: /Users/maliha/Desktop/conveyor-simulator/build
"SensorTest.TickIncreasesBlockedTicksWhenBlocked" start time: Mar 12 12:34 CET
Output:
----------------------------------------------------------
Running main() from /Users/maliha/Desktop/conveyor-simulator/build/_deps/googletest-src/googletest/src/gtest_main.cc
Note: Google Test filter = SensorTest.TickIncreasesBlockedTicksWhenBlocked
[==========] Running 1 test from 1 test suite.
[----------] Global test environment set-up.
[----------] 1 test from SensorTest
[ RUN      ] SensorTest.TickIncreasesBlockedTicksWhenBlocked
[       OK ] SensorTest.TickIncreasesBlockedTicksWhenBlocked (0 ms)
[----------] 1 test from SensorTest (0 ms total)

[----------] Global test environment tear-down
[==========] 1 test from 1 test suite ran. (0 ms total)
[  PASSED  ] 1 test.
<end of output>
Test time =   0.01 sec
----------------------------------------------------------
Test Passed.
"SensorTest.TickIncreasesBlockedTicksWhenBlocked" end time: Mar 12 12:34 CET
"SensorTest.TickIncreasesBlockedTicksWhenBlocked" time elapsed: 00:00:00
----------------------------------------------------------

7/16 Testing: SensorTest.ClearResetsSensorState
7/16 Test: SensorTest.ClearResetsSensorState
Command: "/Users/maliha/Desktop/conveyor-simulator/build/conveyor_tests" "--gtest_filter=SensorTest.ClearResetsSensorState" "--gtest_also_run_disabled_tests"
Directory: /Users/maliha/Desktop/conveyor-simulator/build
"SensorTest.ClearResetsSensorState" start time: Mar 12 12:34 CET
Output:
----------------------------------------------------------
Running main() from /Users/maliha/Desktop/conveyor-simulator/build/_deps/googletest-src/googletest/src/gtest_main.cc
Note: Google Test filter = SensorTest.ClearResetsSensorState
[==========] Running 1 test from 1 test suite.
[----------] Global test environment set-up.
[----------] 1 test from SensorTest
[ RUN      ] SensorTest.ClearResetsSensorState
[       OK ] SensorTest.ClearResetsSensorState (0 ms)
[----------] 1 test from SensorTest (0 ms total)

[----------] Global test environment tear-down
[==========] 1 test from 1 test suite ran. (0 ms total)
[  PASSED  ] 1 test.
<end of output>
Test time =   0.01 sec
----------------------------------------------------------
Test Passed.
"SensorTest.ClearResetsSensorState" end time: Mar 12 12:34 CET
"SensorTest.ClearResetsSensorState" time elapsed: 00:00:00
----------------------------------------------------------

8/16 Testing: AlarmManagerTest.NoActiveAlarmInitially
8/16 Test: AlarmManagerTest.NoActiveAlarmInitially
Command: "/Users/maliha/Desktop/conveyor-simulator/build/conveyor_tests" "--gtest_filter=AlarmManagerTest.NoActiveAlarmInitially" "--gtest_also_run_disabled_tests"
Directory: /Users/maliha/Desktop/conveyor-simulator/build
"AlarmManagerTest.NoActiveAlarmInitially" start time: Mar 12 12:34 CET
Output:
----------------------------------------------------------
Running main() from /Users/maliha/Desktop/conveyor-simulator/build/_deps/googletest-src/googletest/src/gtest_main.cc
Note: Google Test filter = AlarmManagerTest.NoActiveAlarmInitially
[==========] Running 1 test from 1 test suite.
[----------] Global test environment set-up.
[----------] 1 test from AlarmManagerTest
[ RUN      ] AlarmManagerTest.NoActiveAlarmInitially
[       OK ] AlarmManagerTest.NoActiveAlarmInitially (0 ms)
[----------] 1 test from AlarmManagerTest (0 ms total)

[----------] Global test environment tear-down
[==========] 1 test from 1 test suite ran. (0 ms total)
[  PASSED  ] 1 test.
<end of output>
Test time =   0.01 sec
----------------------------------------------------------
Test Passed.
"AlarmManagerTest.NoActiveAlarmInitially" end time: Mar 12 12:34 CET
"AlarmManagerTest.NoActiveAlarmInitially" time elapsed: 00:00:00
----------------------------------------------------------

9/16 Testing: AlarmManagerTest.RaiseAlarmStoresLatestAlarm
9/16 Test: AlarmManagerTest.RaiseAlarmStoresLatestAlarm
Command: "/Users/maliha/Desktop/conveyor-simulator/build/conveyor_tests" "--gtest_filter=AlarmManagerTest.RaiseAlarmStoresLatestAlarm" "--gtest_also_run_disabled_tests"
Directory: /Users/maliha/Desktop/conveyor-simulator/build
"AlarmManagerTest.RaiseAlarmStoresLatestAlarm" start time: Mar 12 12:34 CET
Output:
----------------------------------------------------------
Running main() from /Users/maliha/Desktop/conveyor-simulator/build/_deps/googletest-src/googletest/src/gtest_main.cc
Note: Google Test filter = AlarmManagerTest.RaiseAlarmStoresLatestAlarm
[==========] Running 1 test from 1 test suite.
[----------] Global test environment set-up.
[----------] 1 test from AlarmManagerTest
[ RUN      ] AlarmManagerTest.RaiseAlarmStoresLatestAlarm
[       OK ] AlarmManagerTest.RaiseAlarmStoresLatestAlarm (0 ms)
[----------] 1 test from AlarmManagerTest (0 ms total)

[----------] Global test environment tear-down
[==========] 1 test from 1 test suite ran. (0 ms total)
[  PASSED  ] 1 test.
<end of output>
Test time =   0.01 sec
----------------------------------------------------------
Test Passed.
"AlarmManagerTest.RaiseAlarmStoresLatestAlarm" end time: Mar 12 12:34 CET
"AlarmManagerTest.RaiseAlarmStoresLatestAlarm" time elapsed: 00:00:00
----------------------------------------------------------

10/16 Testing: AlarmManagerTest.ClearAlarmsRemovesAllActiveAlarms
10/16 Test: AlarmManagerTest.ClearAlarmsRemovesAllActiveAlarms
Command: "/Users/maliha/Desktop/conveyor-simulator/build/conveyor_tests" "--gtest_filter=AlarmManagerTest.ClearAlarmsRemovesAllActiveAlarms" "--gtest_also_run_disabled_tests"
Directory: /Users/maliha/Desktop/conveyor-simulator/build
"AlarmManagerTest.ClearAlarmsRemovesAllActiveAlarms" start time: Mar 12 12:34 CET
Output:
----------------------------------------------------------
Running main() from /Users/maliha/Desktop/conveyor-simulator/build/_deps/googletest-src/googletest/src/gtest_main.cc
Note: Google Test filter = AlarmManagerTest.ClearAlarmsRemovesAllActiveAlarms
[==========] Running 1 test from 1 test suite.
[----------] Global test environment set-up.
[----------] 1 test from AlarmManagerTest
[ RUN      ] AlarmManagerTest.ClearAlarmsRemovesAllActiveAlarms
[       OK ] AlarmManagerTest.ClearAlarmsRemovesAllActiveAlarms (0 ms)
[----------] 1 test from AlarmManagerTest (0 ms total)

[----------] Global test environment tear-down
[==========] 1 test from 1 test suite ran. (0 ms total)
[  PASSED  ] 1 test.
<end of output>
Test time =   0.01 sec
----------------------------------------------------------
Test Passed.
"AlarmManagerTest.ClearAlarmsRemovesAllActiveAlarms" end time: Mar 12 12:34 CET
"AlarmManagerTest.ClearAlarmsRemovesAllActiveAlarms" time elapsed: 00:00:00
----------------------------------------------------------

11/16 Testing: ConveyorSystemTest.NormalItemFlowStartsSystemAndSortsLeft
11/16 Test: ConveyorSystemTest.NormalItemFlowStartsSystemAndSortsLeft
Command: "/Users/maliha/Desktop/conveyor-simulator/build/conveyor_tests" "--gtest_filter=ConveyorSystemTest.NormalItemFlowStartsSystemAndSortsLeft" "--gtest_also_run_disabled_tests"
Directory: /Users/maliha/Desktop/conveyor-simulator/build
"ConveyorSystemTest.NormalItemFlowStartsSystemAndSortsLeft" start time: Mar 12 12:34 CET
Output:
----------------------------------------------------------
Running main() from /Users/maliha/Desktop/conveyor-simulator/build/_deps/googletest-src/googletest/src/gtest_main.cc
Note: Google Test filter = ConveyorSystemTest.NormalItemFlowStartsSystemAndSortsLeft
[==========] Running 1 test from 1 test suite.
[----------] Global test environment set-up.
[----------] 1 test from ConveyorSystemTest
[ RUN      ] ConveyorSystemTest.NormalItemFlowStartsSystemAndSortsLeft
[       OK ] ConveyorSystemTest.NormalItemFlowStartsSystemAndSortsLeft (0 ms)
[----------] 1 test from ConveyorSystemTest (0 ms total)

[----------] Global test environment tear-down
[==========] 1 test from 1 test suite ran. (0 ms total)
[  PASSED  ] 1 test.
<end of output>
Test time =   0.01 sec
----------------------------------------------------------
Test Passed.
"ConveyorSystemTest.NormalItemFlowStartsSystemAndSortsLeft" end time: Mar 12 12:34 CET
"ConveyorSystemTest.NormalItemFlowStartsSystemAndSortsLeft" time elapsed: 00:00:00
----------------------------------------------------------

12/16 Testing: ConveyorSystemTest.JamConditionTriggersFaultAndStopsConveyor
12/16 Test: ConveyorSystemTest.JamConditionTriggersFaultAndStopsConveyor
Command: "/Users/maliha/Desktop/conveyor-simulator/build/conveyor_tests" "--gtest_filter=ConveyorSystemTest.JamConditionTriggersFaultAndStopsConveyor" "--gtest_also_run_disabled_tests"
Directory: /Users/maliha/Desktop/conveyor-simulator/build
"ConveyorSystemTest.JamConditionTriggersFaultAndStopsConveyor" start time: Mar 12 12:34 CET
Output:
----------------------------------------------------------
Running main() from /Users/maliha/Desktop/conveyor-simulator/build/_deps/googletest-src/googletest/src/gtest_main.cc
Note: Google Test filter = ConveyorSystemTest.JamConditionTriggersFaultAndStopsConveyor
[==========] Running 1 test from 1 test suite.
[----------] Global test environment set-up.
[----------] 1 test from ConveyorSystemTest
[ RUN      ] ConveyorSystemTest.JamConditionTriggersFaultAndStopsConveyor
[       OK ] ConveyorSystemTest.JamConditionTriggersFaultAndStopsConveyor (0 ms)
[----------] 1 test from ConveyorSystemTest (0 ms total)

[----------] Global test environment tear-down
[==========] 1 test from 1 test suite ran. (0 ms total)
[  PASSED  ] 1 test.
<end of output>
Test time =   0.01 sec
----------------------------------------------------------
Test Passed.
"ConveyorSystemTest.JamConditionTriggersFaultAndStopsConveyor" end time: Mar 12 12:34 CET
"ConveyorSystemTest.JamConditionTriggersFaultAndStopsConveyor" time elapsed: 00:00:00
----------------------------------------------------------

13/16 Testing: SimulationEngineTest.StartupStepMovesSystemToRunningAndStartsConveyor
13/16 Test: SimulationEngineTest.StartupStepMovesSystemToRunningAndStartsConveyor
Command: "/Users/maliha/Desktop/conveyor-simulator/build/conveyor_tests" "--gtest_filter=SimulationEngineTest.StartupStepMovesSystemToRunningAndStartsConveyor" "--gtest_also_run_disabled_tests"
Directory: /Users/maliha/Desktop/conveyor-simulator/build
"SimulationEngineTest.StartupStepMovesSystemToRunningAndStartsConveyor" start time: Mar 12 12:34 CET
Output:
----------------------------------------------------------
Running main() from /Users/maliha/Desktop/conveyor-simulator/build/_deps/googletest-src/googletest/src/gtest_main.cc
Note: Google Test filter = SimulationEngineTest.StartupStepMovesSystemToRunningAndStartsConveyor
[==========] Running 1 test from 1 test suite.
[----------] Global test environment set-up.
[----------] 1 test from SimulationEngineTest
[ RUN      ] SimulationEngineTest.StartupStepMovesSystemToRunningAndStartsConveyor
[       OK ] SimulationEngineTest.StartupStepMovesSystemToRunningAndStartsConveyor (0 ms)
[----------] 1 test from SimulationEngineTest (0 ms total)

[----------] Global test environment tear-down
[==========] 1 test from 1 test suite ran. (0 ms total)
[  PASSED  ] 1 test.
<end of output>
Test time =   0.01 sec
----------------------------------------------------------
Test Passed.
"SimulationEngineTest.StartupStepMovesSystemToRunningAndStartsConveyor" end time: Mar 12 12:34 CET
"SimulationEngineTest.StartupStepMovesSystemToRunningAndStartsConveyor" time elapsed: 00:00:00
----------------------------------------------------------

14/16 Testing: SimulationEngineTest.NormalItemStepRoutesTypeAToLeft
14/16 Test: SimulationEngineTest.NormalItemStepRoutesTypeAToLeft
Command: "/Users/maliha/Desktop/conveyor-simulator/build/conveyor_tests" "--gtest_filter=SimulationEngineTest.NormalItemStepRoutesTypeAToLeft" "--gtest_also_run_disabled_tests"
Directory: /Users/maliha/Desktop/conveyor-simulator/build
"SimulationEngineTest.NormalItemStepRoutesTypeAToLeft" start time: Mar 12 12:34 CET
Output:
----------------------------------------------------------
Running main() from /Users/maliha/Desktop/conveyor-simulator/build/_deps/googletest-src/googletest/src/gtest_main.cc
Note: Google Test filter = SimulationEngineTest.NormalItemStepRoutesTypeAToLeft
[==========] Running 1 test from 1 test suite.
[----------] Global test environment set-up.
[----------] 1 test from SimulationEngineTest
[ RUN      ] SimulationEngineTest.NormalItemStepRoutesTypeAToLeft
[       OK ] SimulationEngineTest.NormalItemStepRoutesTypeAToLeft (0 ms)
[----------] 1 test from SimulationEngineTest (0 ms total)

[----------] Global test environment tear-down
[==========] 1 test from 1 test suite ran. (0 ms total)
[  PASSED  ] 1 test.
<end of output>
Test time =   0.01 sec
----------------------------------------------------------
Test Passed.
"SimulationEngineTest.NormalItemStepRoutesTypeAToLeft" end time: Mar 12 12:34 CET
"SimulationEngineTest.NormalItemStepRoutesTypeAToLeft" time elapsed: 00:00:00
----------------------------------------------------------

15/16 Testing: SimulationEngineTest.NormalItemStepRoutesTypeBToRight
15/16 Test: SimulationEngineTest.NormalItemStepRoutesTypeBToRight
Command: "/Users/maliha/Desktop/conveyor-simulator/build/conveyor_tests" "--gtest_filter=SimulationEngineTest.NormalItemStepRoutesTypeBToRight" "--gtest_also_run_disabled_tests"
Directory: /Users/maliha/Desktop/conveyor-simulator/build
"SimulationEngineTest.NormalItemStepRoutesTypeBToRight" start time: Mar 12 12:34 CET
Output:
----------------------------------------------------------
Running main() from /Users/maliha/Desktop/conveyor-simulator/build/_deps/googletest-src/googletest/src/gtest_main.cc
Note: Google Test filter = SimulationEngineTest.NormalItemStepRoutesTypeBToRight
[==========] Running 1 test from 1 test suite.
[----------] Global test environment set-up.
[----------] 1 test from SimulationEngineTest
[ RUN      ] SimulationEngineTest.NormalItemStepRoutesTypeBToRight
[       OK ] SimulationEngineTest.NormalItemStepRoutesTypeBToRight (0 ms)
[----------] 1 test from SimulationEngineTest (0 ms total)

[----------] Global test environment tear-down
[==========] 1 test from 1 test suite ran. (0 ms total)
[  PASSED  ] 1 test.
<end of output>
Test time =   0.01 sec
----------------------------------------------------------
Test Passed.
"SimulationEngineTest.NormalItemStepRoutesTypeBToRight" end time: Mar 12 12:34 CET
"SimulationEngineTest.NormalItemStepRoutesTypeBToRight" time elapsed: 00:00:00
----------------------------------------------------------

16/16 Testing: SimulationEngineTest.JamFaultStepTriggersFaultAndStopsConveyor
16/16 Test: SimulationEngineTest.JamFaultStepTriggersFaultAndStopsConveyor
Command: "/Users/maliha/Desktop/conveyor-simulator/build/conveyor_tests" "--gtest_filter=SimulationEngineTest.JamFaultStepTriggersFaultAndStopsConveyor" "--gtest_also_run_disabled_tests"
Directory: /Users/maliha/Desktop/conveyor-simulator/build
"SimulationEngineTest.JamFaultStepTriggersFaultAndStopsConveyor" start time: Mar 12 12:34 CET
Output:
----------------------------------------------------------
Running main() from /Users/maliha/Desktop/conveyor-simulator/build/_deps/googletest-src/googletest/src/gtest_main.cc
Note: Google Test filter = SimulationEngineTest.JamFaultStepTriggersFaultAndStopsConveyor
[==========] Running 1 test from 1 test suite.
[----------] Global test environment set-up.
[----------] 1 test from SimulationEngineTest
[ RUN      ] SimulationEngineTest.JamFaultStepTriggersFaultAndStopsConveyor
[       OK ] SimulationEngineTest.JamFaultStepTriggersFaultAndStopsConveyor (0 ms)
[----------] 1 test from SimulationEngineTest (0 ms total)

[----------] Global test environment tear-down
[==========] 1 test from 1 test suite ran. (0 ms total)
[  PASSED  ] 1 test.
<end of output>
Test time =   0.01 sec
----------------------------------------------------------
Test Passed.
"SimulationEngineTest.JamFaultStepTriggersFaultAndStopsConveyor" end time: Mar 12 12:34 CET
"SimulationEngineTest.JamFaultStepTriggersFaultAndStopsConveyor" time elapsed: 00:00:00
----------------------------------------------------------

End testing: Mar 12 12:34 CET
